2025-06-23 15:12:06 - SECTION: LVM STORAGE MIGRATION STARTING
2025-06-23 15:12:06 - Migration started with DRY_RUN=true, FORCE=false
2025-06-23 15:12:06 - WARN: RUNNING IN DRY RUN MODE - NO ACTUAL CHANGES WILL BE MADE
2025-06-23 15:12:06 - SECTION: CHECKING PREREQUISITES
2025-06-23 15:12:06 - INFO: All storage volumes are properly mounted
2025-06-23 15:12:06 - INFO: Available space - Projects: 145825200KB, Media: 194809800KB, Backups: 97364892KB
2025-06-23 15:12:06 - SECTION: CALCULATING DATA SIZES
2025-06-23 15:12:08 - INFO: Project directories:
2025-06-23 15:12:08 - INFO:   Projects: 7769MB
2025-06-23 15:12:08 - INFO:   dev: 171114MB
2025-06-23 15:12:08 - INFO:   CascadeProjects: 18797MB
2025-06-23 15:12:08 - INFO:   devops-testing: 6227MB
2025-06-23 15:12:08 - INFO: Media directories:
2025-06-23 15:12:08 - INFO:   Music: 0MB
2025-06-23 15:12:08 - INFO:   Videos: 0MB
2025-06-23 15:12:08 - INFO:   Pictures: 1MB
2025-06-23 15:12:08 - INFO: Downloads: 21226MB
2025-06-23 15:12:08 - SECTION: CREATING DIRECTORY STRUCTURE
2025-06-23 15:12:08 - WARN: DRY RUN: Would create directory structure
2025-06-23 15:12:08 - SECTION: MIGRATING PROJECT DIRECTORIES
2025-06-23 15:12:08 - INFO: Migrating /home/cbwinslow/CascadeProjects (19G) to /mnt/storage/projects/active/work
2025-06-23 15:12:08 - WARN: DRY RUN: Would migrate /home/cbwinslow/CascadeProjects to /mnt/storage/projects/active/work
2025-06-23 15:12:08 - INFO: Migrating /home/cbwinslow/devops-testing (6.1G) to /mnt/storage/projects/active/devops
2025-06-23 15:12:08 - WARN: DRY RUN: Would migrate /home/cbwinslow/devops-testing to /mnt/storage/projects/active/devops
2025-06-23 15:12:09 - INFO: Migrating /home/cbwinslow/Projects (7.6G) to /mnt/storage/projects/active/personal
2025-06-23 15:12:09 - WARN: DRY RUN: Would migrate /home/cbwinslow/Projects to /mnt/storage/projects/active/personal
